#
# There is insufficient memory for the Java Runtime Environment to continue.
# Native memory allocation (mmap) failed to map 266338304 bytes for G1 virtual space
# Possible reasons:
#   The system is out of physical RAM or swap space
#   The process is running with CompressedOops enabled, and the Java Heap may be blocking the growth of the native heap
# Possible solutions:
#   Reduce memory load on the system
#   Increase physical memory or swap space
#   Check if swap backing store is full
#   Decrease Java heap size (-Xmx/-Xms)
#   Decrease number of Java threads
#   Decrease Java thread stack sizes (-Xss)
#   Set larger code cache with -XX:ReservedCodeCacheSize=
#   JVM is running with Zero Based Compressed Oops mode in which the Java heap is
#     placed in the first 32GB address space. The Java Heap base address is the
#     maximum limit for the native heap growth. Please use -XX:HeapBaseMinAddress
#     to set the Java Heap base and to place the Java Heap above 32GB virtual address.
# This output file may be truncated or incomplete.
#
#  Out of Memory Error (os_windows.cpp:3825), pid=19860, tid=10892
#
# JRE version:  (17.0.10+8) (build )
# Java VM: OpenJDK 64-Bit Server VM (17.0.10+8-b1207.12, mixed mode, sharing, tiered, compressed oops, compressed class ptrs, g1 gc, windows-amd64)
# No core dump will be written. Minidumps are not enabled by default on client versions of Windows
#

---------------  S U M M A R Y ------------

Command Line: git4idea.http.GitAskPassApp Username for 'https://github.com': 

Host: Intel(R) N100, 4 cores, 15G,  Windows 11 , 64 bit Build 26100 (10.0.26100.7019)
Time: Thu Dec  4 16:21:41 2025  Windows 11 , 64 bit Build 26100 (10.0.26100.7019) elapsed time: 0.145441 seconds (0d 0h 0m 0s)

---------------  T H R E A D  ---------------

Current thread (0x0000018c77bdaee0):  JavaThread "Unknown thread" [_thread_in_vm, id=10892, stack(0x0000001bbd700000,0x0000001bbd800000)]

Stack: [0x0000001bbd700000,0x0000001bbd800000]
Native frames: (J=compiled Java code, j=interpreted, Vv=VM code, C=native code)
V  [jvm.dll+0x687989]
V  [jvm.dll+0x84116a]
V  [jvm.dll+0x842dae]
V  [jvm.dll+0x843413]
V  [jvm.dll+0x249ccf]
V  [jvm.dll+0x684759]
V  [jvm.dll+0x67900a]
V  [jvm.dll+0x30ab0b]
V  [jvm.dll+0x311fb6]
V  [jvm.dll+0x361d5e]
V  [jvm.dll+0x361f8f]
V  [jvm.dll+0x2e07f8]
V  [jvm.dll+0x2e1764]
V  [jvm.dll+0x811c31]
V  [jvm.dll+0x36fc11]
V  [jvm.dll+0x7f0666]
V  [jvm.dll+0x3f3daf]
V  [jvm.dll+0x3f5a41]
C  [jli.dll+0x528f]
C  [ucrtbase.dll+0x37b0]
C  [KERNEL32.DLL+0x2e8d7]
C  [ntdll.dll+0x8c53c]


---------------  P R O C E S S  ---------------

Threads class SMR info:
_java_thread_list=0x00007fff55a3df58, length=0, elements={
}

Java Threads: ( => current thread )

Other Threads:
  0x0000018c77c43c70 GCTaskThread "GC Thread#0" [stack: 0x0000001bbd900000,0x0000001bbda00000] [id=9980]
  0x0000018c77c55600 ConcurrentGCThread "G1 Main Marker" [stack: 0x0000001bbda00000,0x0000001bbdb00000] [id=16660]
  0x0000018c77c55f30 ConcurrentGCThread "G1 Conc#0" [stack: 0x0000001bbdb00000,0x0000001bbdc00000] [id=17140]

[error occurred during error reporting (printing all threads), id 0xc0000005, EXCEPTION_ACCESS_VIOLATION (0xc0000005) at pc=0x00007fff551f13c7]

VM state: not at safepoint (not fully initialized)

VM Mutex/Monitor currently owned by a thread:  ([mutex/lock_event])
[0x0000018c77bd78e0] Heap_lock - owner thread: 0x0000018c77bdaee0

Heap address: 0x0000000703800000, size: 4040 MB, Compressed Oops mode: Zero based, Oop shift amount: 3

CDS archive(s) mapped at: [0x0000000000000000-0x0000000000000000-0x0000000000000000), size 0, SharedBaseAddress: 0x0000000800000000, ArchiveRelocationMode: 1.
Narrow klass base: 0x0000000000000000, Narrow klass shift: 0, Narrow klass range: 0x0

GC Precious Log:
<Empty>

Heap:
 garbage-first heap   total 0K, used 0K [0x0000000703800000, 0x0000000800000000)
  region size 2048K, 0 young (0K), 0 survivors (0K)
 Metaspace       used 0K, committed 0K, reserved 0K
  class space    used 0K, committed 0K, reserved 0K

Heap Regions: E=young(eden), S=young(survivor), O=old, HS=humongous(starts), HC=humongous(continues), CS=collection set, F=free, OA=open archive, CA=closed archive, TAMS=top-at-mark-start (previous, next)

Card table byte_map: [0x0000018c7bb10000,0x0000018c7c300000] _byte_map_base: 0x0000018c782f4000

Marking Bits (Prev, Next): (CMBitMap*) 0x0000018c77c441a0, (CMBitMap*) 0x0000018c77c441e0
 Prev Bits: [0x0000018c0f000000, 0x0000018c12f20000)
 Next Bits: [0x0000018c12f20000, 0x0000018c16e40000)

GC Heap History (0 events):
No events

Dll operation events (1 events):
Event: 0.015 Loaded shared library C:\Program Files\JetBrains\IntelliJ IDEA 2024.1\jbr\bin\java.dll

Deoptimization events (0 events):
No events

Classes unloaded (0 events):
No events

Classes redefined (0 events):
No events

Internal exceptions (0 events):
No events

VM Operations (0 events):
No events

Events (0 events):
No events


Dynamic libraries:
0x00007ff7e4080000 - 0x00007ff7e408a000 	C:\Program Files\JetBrains\IntelliJ IDEA 2024.1\jbr\bin\java.exe
0x00007ff80fda0000 - 0x00007ff810008000 	C:\WINDOWS\SYSTEM32\ntdll.dll
0x00007ff80ebf0000 - 0x00007ff80ecb9000 	C:\WINDOWS\System32\KERNEL32.DLL
0x00007ff80cef0000 - 0x00007ff80d2e8000 	C:\WINDOWS\System32\KERNELBASE.dll
0x00007ff80d9f0000 - 0x00007ff80db3b000 	C:\WINDOWS\System32\ucrtbase.dll
0x00007fffb4f50000 - 0x00007fffb4f67000 	C:\Program Files\JetBrains\IntelliJ IDEA 2024.1\jbr\bin\jli.dll
0x00007ff80f700000 - 0x00007ff80f8c7000 	C:\WINDOWS\System32\USER32.dll
0x00007ff80d460000 - 0x00007ff80d487000 	C:\WINDOWS\System32\win32u.dll
0x00007ff80dcb0000 - 0x00007ff80dcdb000 	C:\WINDOWS\System32\GDI32.dll
0x00007ff80d6a0000 - 0x00007ff80d7cc000 	C:\WINDOWS\System32\gdi32full.dll
0x00007ff80d7d0000 - 0x00007ff80d873000 	C:\WINDOWS\System32\msvcp_win.dll
0x00007fffd9770000 - 0x00007fffd978b000 	C:\Program Files\JetBrains\IntelliJ IDEA 2024.1\jbr\bin\VCRUNTIME140.dll
0x00007ffff2450000 - 0x00007ffff26e4000 	C:\WINDOWS\WinSxS\amd64_microsoft.windows.common-controls_6595b64144ccf1df_6.0.26100.7019_none_3e06ffa0e335b8a8\COMCTL32.dll
0x00007ff80f590000 - 0x00007ff80f639000 	C:\WINDOWS\System32\msvcrt.dll
0x00007ff80e320000 - 0x00007ff80e351000 	C:\WINDOWS\System32\IMM32.DLL
0x00007fffee100000 - 0x00007fffee25e000 	C:\Program Files (x86)\Citrix\ICA Client\ctxapclient64.dll
0x00007ff80de40000 - 0x00007ff80e1cb000 	C:\WINDOWS\System32\combase.dll
0x00007ff80e370000 - 0x00007ff80e488000 	C:\WINDOWS\System32\RPCRT4.dll
0x00007ffff63e0000 - 0x00007ffff63eb000 	C:\WINDOWS\SYSTEM32\VERSION.dll
0x00007ff80cde0000 - 0x00007ff80ce0a000 	C:\WINDOWS\SYSTEM32\bcrypt.dll
0x00007ff80ef50000 - 0x00007ff80eff6000 	C:\WINDOWS\System32\sechost.dll
0x00007ff80e260000 - 0x00007ff80e314000 	C:\WINDOWS\System32\ADVAPI32.dll
0x00007ff80bdd0000 - 0x00007ff80be06000 	C:\WINDOWS\SYSTEM32\ntmarta.dll
0x00007ff80d3b0000 - 0x00007ff80d455000 	C:\WINDOWS\System32\bcryptprimitives.dll
0x00007ff809d70000 - 0x00007ff809d7c000 	C:\Program Files\JetBrains\IntelliJ IDEA 2024.1\jbr\bin\vcruntime140_1.dll
0x00007fffb1550000 - 0x00007fffb15dd000 	C:\Program Files\JetBrains\IntelliJ IDEA 2024.1\jbr\bin\msvcp140.dll
0x00007fff54f00000 - 0x00007fff55b82000 	C:\Program Files\JetBrains\IntelliJ IDEA 2024.1\jbr\bin\server\jvm.dll
0x00007ff80cd50000 - 0x00007ff80cdae000 	C:\WINDOWS\SYSTEM32\POWRPROF.dll
0x00007ffff1970000 - 0x00007ffff197a000 	C:\WINDOWS\SYSTEM32\WSOCK32.dll
0x00007ff80f000000 - 0x00007ff80f074000 	C:\WINDOWS\System32\WS2_32.dll
0x00007ff805450000 - 0x00007ff805485000 	C:\WINDOWS\SYSTEM32\WINMM.dll
0x00007ff80cd30000 - 0x00007ff80cd44000 	C:\WINDOWS\SYSTEM32\UMPDC.dll
0x00007ff80bcb0000 - 0x00007ff80bccb000 	C:\WINDOWS\SYSTEM32\kernel.appcore.dll
0x00007ffff9d10000 - 0x00007ffff9d1a000 	C:\Program Files\JetBrains\IntelliJ IDEA 2024.1\jbr\bin\jimage.dll
0x00007ffff2e50000 - 0x00007ffff3092000 	C:\WINDOWS\SYSTEM32\DBGHELP.DLL
0x00007ff80ee70000 - 0x00007ff80ef47000 	C:\WINDOWS\System32\OLEAUT32.dll
0x00007ffff1280000 - 0x00007ffff12bc000 	C:\WINDOWS\SYSTEM32\dbgcore.DLL
0x00007ffff9ce0000 - 0x00007ffff9d05000 	C:\Program Files\JetBrains\IntelliJ IDEA 2024.1\jbr\bin\java.dll

dbghelp: loaded successfully - version: 4.0.5 - missing functions: none
symbol engine: initialized successfully - sym options: 0x614 - pdb path: .;C:\Program Files\JetBrains\IntelliJ IDEA 2024.1\jbr\bin;C:\WINDOWS\SYSTEM32;C:\WINDOWS\WinSxS\amd64_microsoft.windows.common-controls_6595b64144ccf1df_6.0.26100.7019_none_3e06ffa0e335b8a8;C:\Program Files (x86)\Citrix\ICA Client;C:\Program Files\JetBrains\IntelliJ IDEA 2024.1\jbr\bin\server

VM Arguments:
java_command: git4idea.http.GitAskPassApp Username for 'https://github.com': 
java_class_path (initial): C:/Program Files/JetBrains/IntelliJ IDEA 2024.1/plugins/vcs-git/lib/git4idea-rt.jar;C:/Program Files/JetBrains/IntelliJ IDEA 2024.1/lib/externalProcess-rt.jar
Launcher Type: SUN_STANDARD

[Global flags]
     intx CICompilerCount                          = 3                                         {product} {ergonomic}
     uint ConcGCThreads                            = 1                                         {product} {ergonomic}
     uint G1ConcRefinementThreads                  = 4                                         {product} {ergonomic}
   size_t G1HeapRegionSize                         = 2097152                                   {product} {ergonomic}
    uintx GCDrainStackTargetSize                   = 64                                        {product} {ergonomic}
   size_t InitialHeapSize                          = 266338304                                 {product} {ergonomic}
   size_t MarkStackSize                            = 4194304                                   {product} {ergonomic}
   size_t MaxHeapSize                              = 4236247040                                {product} {ergonomic}
   size_t MinHeapDeltaBytes                        = 2097152                                   {product} {ergonomic}
   size_t MinHeapSize                              = 8388608                                   {product} {ergonomic}
    uintx NonNMethodCodeHeapSize                   = 5832780                                {pd product} {ergonomic}
    uintx NonProfiledCodeHeapSize                  = 122912730                              {pd product} {ergonomic}
    uintx ProfiledCodeHeapSize                     = 122912730                              {pd product} {ergonomic}
    uintx ReservedCodeCacheSize                    = 251658240                              {pd product} {ergonomic}
     bool SegmentedCodeCache                       = true                                      {product} {ergonomic}
   size_t SoftMaxHeapSize                          = 4236247040                             {manageable} {ergonomic}
     bool UseCompressedClassPointers               = true                           {product lp64_product} {ergonomic}
     bool UseCompressedOops                        = true                           {product lp64_product} {ergonomic}
     bool UseG1GC                                  = true                                      {product} {ergonomic}
     bool UseLargePagesIndividualAllocation        = false                                  {pd product} {ergonomic}

Logging:
Log output configuration:
 #0: stdout all=warning uptime,level,tags
 #1: stderr all=off uptime,level,tags

Environment Variables:
JAVA_HOME=C:\Program Files\Java\jdk-17
PATH=C:\Program Files\Git\mingw64\libexec\git-core;C:\Program Files\Git\mingw64\libexec\git-core;C:\Program Files\Git\mingw64\bin;C:\Program Files\Git\usr\bin;C:\Users\wikan\bin;C:\Program Files\Common Files\Oracle\Java\javapath;C:\Program Files\Zulu\zulu-11\bin;C:\WINDOWS\system32;C:\WINDOWS;C:\WINDOWS\System32\Wbem;C:\WINDOWS\System32\WindowsPowerShell\v1.0;C:\WINDOWS\System32\OpenSSH;C:\Program Files\MySQL\MySQL Server 8.3\bin;C:\Program Files\Git\cmd;C:\Program Files\MySQL\MySQL Shell 8.0\bin;C:\Users\wikan\AppData\Local\Programs\Python\Launcher;C:\Users\wikan\AppData\Local\Microsoft\WindowsApps;C:\Program Files\JetBrains\PyCharm 2024.1\bin;C:\Program Files\JetBrains\IntelliJ IDEA 2024.1\bin
USERNAME=wikan
DISPLAY=:0.0
LC_ALL=en_US.UTF-8
TERM=xterm-256color
TMPDIR=C:\Users\wikan\AppData\Local\Temp
OS=Windows_NT
PROCESSOR_IDENTIFIER=Intel64 Family 6 Model 190 Stepping 0, GenuineIntel
TMP=C:\Users\wikan\AppData\Local\Temp
TEMP=C:\Users\wikan\AppData\Local\Temp



Periodic native trim disabled

JNI global refs:
JNI global refs: 0, weak refs: 0

JNI global refs memory usage: 0, weak refs: 0

OOME stack traces (most recent first):
Classloader memory used:


---------------  S Y S T E M  ---------------

OS:
 Windows 11 , 64 bit Build 26100 (10.0.26100.7019)
OS uptime: 12 days 5:56 hours

CPU: total 4 (initial active 4) (4 cores per cpu, 1 threads per core) family 6 model 190 stepping 0 microcode 0xf, cx8, cmov, fxsr, mmx, 3dnowpref, sse, sse2, sse3, ssse3, sse4.1, sse4.2, popcnt, lzcnt, tsc, tscinvbit, avx, avx2, aes, erms, clmul, bmi1, bmi2, adx, sha, fma, vzeroupper, clflush, clflushopt, clwb
Processor Information for all 4 processors :
  Max Mhz: 800, Current Mhz: 800, Mhz Limit: 800

Memory: 4k page, system-wide physical 16159M (1789M free)
TotalPageFile size 65311M (AvailPageFile size 152M)
current process WorkingSet (physical memory assigned to process): 14M, peak: 14M
current process commit charge ("private bytes"): 53M, peak: 307M

vm_info: OpenJDK 64-Bit Server VM (17.0.10+8-b1207.12) for windows-amd64 JRE (17.0.10+8-b1207.12), built on 2024-03-15 by "builduser" with MS VC++ 16.10 / 16.11 (VS2019)

END.
